2017-02-17 16:43:05.496  INFO 5256 --- [main] com.aws.App                              : Starting App on CACDTL02BG655G with PID 5256 (C:\java_workspace\SpringBoot-Aws\target\classes started by by6556 in C:\java_workspace\SpringBoot-Aws)
2017-02-17 16:43:05.500  INFO 5256 --- [main] com.aws.App                              : No active profile set, falling back to default profiles: default
2017-02-17 16:43:05.568  INFO 5256 --- [main] ationConfigEmbeddedWebApplicationContext : Refreshing org.springframework.boot.context.embedded.AnnotationConfigEmbeddedWebApplicationContext@51c7747e: startup date [Fri Feb 17 16:43:05 PST 2017]; root of context hierarchy
2017-02-17 16:43:07.979  INFO 5256 --- [main] trationDelegate$BeanPostProcessorChecker : Bean 'org.springframework.transaction.annotation.ProxyTransactionManagementConfiguration' of type [class org.springframework.transaction.annotation.ProxyTransactionManagementConfiguration$$EnhancerBySpringCGLIB$$1a160bfd] is not eligible for getting processed by all BeanPostProcessors (for example: not eligible for auto-proxying)
2017-02-17 16:43:08.846  INFO 5256 --- [main] s.b.c.e.t.TomcatEmbeddedServletContainer : Tomcat initialized with port(s): 5000 (http)
2017-02-17 16:43:08.858  INFO 5256 --- [main] o.apache.catalina.core.StandardService   : Starting service Tomcat
2017-02-17 16:43:08.860  INFO 5256 --- [main] org.apache.catalina.core.StandardEngine  : Starting Servlet Engine: Apache Tomcat/8.5.6
2017-02-17 16:43:09.337  INFO 5256 --- [localhost-startStop-1] org.apache.jasper.servlet.TldScanner     : At least one JAR was scanned for TLDs yet contained no TLDs. Enable debug logging for this logger for a complete list of JARs that were scanned but no TLDs were found in them. Skipping unneeded JARs during scanning can improve startup time and JSP compilation time.
2017-02-17 16:43:09.341  INFO 5256 --- [localhost-startStop-1] o.a.c.c.C.[Tomcat].[localhost].[/]       : Initializing Spring embedded WebApplicationContext
2017-02-17 16:43:09.342  INFO 5256 --- [localhost-startStop-1] o.s.web.context.ContextLoader            : Root WebApplicationContext: initialization completed in 3776 ms
2017-02-17 16:43:09.703  INFO 5256 --- [localhost-startStop-1] o.s.b.w.servlet.ServletRegistrationBean  : Mapping servlet: 'dispatcherServlet' to [/]
2017-02-17 16:43:09.707  INFO 5256 --- [localhost-startStop-1] o.s.b.w.servlet.FilterRegistrationBean   : Mapping filter: 'metricsFilter' to: [/*]
2017-02-17 16:43:09.707  INFO 5256 --- [localhost-startStop-1] o.s.b.w.servlet.FilterRegistrationBean   : Mapping filter: 'characterEncodingFilter' to: [/*]
2017-02-17 16:43:09.707  INFO 5256 --- [localhost-startStop-1] o.s.b.w.servlet.FilterRegistrationBean   : Mapping filter: 'hiddenHttpMethodFilter' to: [/*]
2017-02-17 16:43:09.707  INFO 5256 --- [localhost-startStop-1] o.s.b.w.servlet.FilterRegistrationBean   : Mapping filter: 'httpPutFormContentFilter' to: [/*]
2017-02-17 16:43:09.708  INFO 5256 --- [localhost-startStop-1] o.s.b.w.servlet.FilterRegistrationBean   : Mapping filter: 'requestContextFilter' to: [/*]
2017-02-17 16:43:09.708  INFO 5256 --- [localhost-startStop-1] o.s.b.w.servlet.FilterRegistrationBean   : Mapping filter: 'webRequestLoggingFilter' to: [/*]
2017-02-17 16:43:09.708  INFO 5256 --- [localhost-startStop-1] o.s.b.w.servlet.FilterRegistrationBean   : Mapping filter: 'applicationContextIdFilter' to: [/*]
2017-02-17 16:43:09.982  INFO 5256 --- [main] j.LocalContainerEntityManagerFactoryBean : Building JPA container EntityManagerFactory for persistence unit 'default'
2017-02-17 16:43:10.004  INFO 5256 --- [main] o.hibernate.jpa.internal.util.LogHelper  : HHH000204: Processing PersistenceUnitInfo [
	name: default
	...]
2017-02-17 16:43:10.113  INFO 5256 --- [main] org.hibernate.Version                    : HHH000412: Hibernate Core {5.0.11.Final}
2017-02-17 16:43:10.115  INFO 5256 --- [main] org.hibernate.cfg.Environment            : HHH000206: hibernate.properties not found
2017-02-17 16:43:10.117  INFO 5256 --- [main] org.hibernate.cfg.Environment            : HHH000021: Bytecode provider name : javassist
2017-02-17 16:43:10.167  INFO 5256 --- [main] o.hibernate.annotations.common.Version   : HCANN000001: Hibernate Commons Annotations {5.0.1.Final}
2017-02-17 16:43:10.633  INFO 5256 --- [main] org.hibernate.dialect.Dialect            : HHH000400: Using dialect: org.hibernate.dialect.MySQL5Dialect
2017-02-17 16:43:10.828  WARN 5256 --- [main] o.h.b.i.SessionFactoryBuilderImpl        : Unrecognized hbm2ddl_auto value : create-update.  Supported values include create, create-drop, update, and validate.  Ignoring
2017-02-17 16:43:11.080  INFO 5256 --- [main] j.LocalContainerEntityManagerFactoryBean : Initialized JPA EntityManagerFactory for persistence unit 'default'
2017-02-17 16:43:11.750  INFO 5256 --- [main] s.w.s.m.m.a.RequestMappingHandlerAdapter : Looking for @ControllerAdvice: org.springframework.boot.context.embedded.AnnotationConfigEmbeddedWebApplicationContext@51c7747e: startup date [Fri Feb 17 16:43:05 PST 2017]; root of context hierarchy
2017-02-17 16:43:11.855  INFO 5256 --- [main] s.w.s.m.m.a.RequestMappingHandlerMapping : Mapped "{[/getMVCCustomerById/{id}],methods=[GET]}" onto public java.lang.String com.aws.controller.CustomerController.customerIndex(int)
2017-02-17 16:43:11.856  INFO 5256 --- [main] s.w.s.m.m.a.RequestMappingHandlerMapping : Mapped "{[/getCustomerById/{id}],methods=[GET || POST || PUT || DELETE]}" onto public com.aws.model.Customer com.aws.controller.CustomerController.getCustomer(int)
2017-02-17 16:43:11.857  INFO 5256 --- [main] s.w.s.m.m.a.RequestMappingHandlerMapping : Mapped "{[/addCustomer],methods=[POST]}" onto public void com.aws.controller.CustomerController.addCustomer(com.aws.model.RequestWrapper)
2017-02-17 16:43:11.857  INFO 5256 --- [main] s.w.s.m.m.a.RequestMappingHandlerMapping : Mapped "{[/getCustomerById],methods=[POST || PUT || DELETE]}" onto public com.aws.model.Customer com.aws.controller.CustomerController.getCustomerPost()
2017-02-17 16:43:11.858  INFO 5256 --- [main] s.w.s.m.m.a.RequestMappingHandlerMapping : Mapped "{[/deleteCustomerById/{customerId}],methods=[GET]}" onto public void com.aws.controller.CustomerController.deleteCustomer(int)
2017-02-17 16:43:11.861  INFO 5256 --- [main] s.w.s.m.m.a.RequestMappingHandlerMapping : Mapped "{[/error]}" onto public org.springframework.http.ResponseEntity<java.util.Map<java.lang.String, java.lang.Object>> org.springframework.boot.autoconfigure.web.BasicErrorController.error(javax.servlet.http.HttpServletRequest)
2017-02-17 16:43:11.862  INFO 5256 --- [main] s.w.s.m.m.a.RequestMappingHandlerMapping : Mapped "{[/error],produces=[text/html]}" onto public org.springframework.web.servlet.ModelAndView org.springframework.boot.autoconfigure.web.BasicErrorController.errorHtml(javax.servlet.http.HttpServletRequest,javax.servlet.http.HttpServletResponse)
2017-02-17 16:43:11.912  INFO 5256 --- [main] o.s.w.s.handler.SimpleUrlHandlerMapping  : Mapped URL path [/webjars/**] onto handler of type [class org.springframework.web.servlet.resource.ResourceHttpRequestHandler]
2017-02-17 16:43:11.913  INFO 5256 --- [main] o.s.w.s.handler.SimpleUrlHandlerMapping  : Mapped URL path [/**] onto handler of type [class org.springframework.web.servlet.resource.ResourceHttpRequestHandler]
2017-02-17 16:43:11.973  INFO 5256 --- [main] o.s.w.s.handler.SimpleUrlHandlerMapping  : Mapped URL path [/**/favicon.ico] onto handler of type [class org.springframework.web.servlet.resource.ResourceHttpRequestHandler]
2017-02-17 16:43:12.016  INFO 5256 --- [main] oConfiguration$WelcomePageHandlerMapping : Adding welcome page: ServletContext resource [/index.html]
2017-02-17 16:43:12.643  INFO 5256 --- [main] o.s.b.a.e.mvc.EndpointHandlerMapping     : Mapped "{[/env/{name:.*}],methods=[GET],produces=[application/json]}" onto public java.lang.Object org.springframework.boot.actuate.endpoint.mvc.EnvironmentMvcEndpoint.value(java.lang.String)
2017-02-17 16:43:12.644  INFO 5256 --- [main] o.s.b.a.e.mvc.EndpointHandlerMapping     : Mapped "{[/env || /env.json],methods=[GET],produces=[application/json]}" onto public java.lang.Object org.springframework.boot.actuate.endpoint.mvc.EndpointMvcAdapter.invoke()
2017-02-17 16:43:12.646  INFO 5256 --- [main] o.s.b.a.e.mvc.EndpointHandlerMapping     : Mapped "{[/logfile || /logfile.json],methods=[GET || HEAD]}" onto public void org.springframework.boot.actuate.endpoint.mvc.LogFileMvcEndpoint.invoke(javax.servlet.http.HttpServletRequest,javax.servlet.http.HttpServletResponse) throws javax.servlet.ServletException,java.io.IOException
2017-02-17 16:43:12.647  INFO 5256 --- [main] o.s.b.a.e.mvc.EndpointHandlerMapping     : Mapped "{[/trace || /trace.json],methods=[GET],produces=[application/json]}" onto public java.lang.Object org.springframework.boot.actuate.endpoint.mvc.EndpointMvcAdapter.invoke()
2017-02-17 16:43:12.649  INFO 5256 --- [main] o.s.b.a.e.mvc.EndpointHandlerMapping     : Mapped "{[/configprops || /configprops.json],methods=[GET],produces=[application/json]}" onto public java.lang.Object org.springframework.boot.actuate.endpoint.mvc.EndpointMvcAdapter.invoke()
2017-02-17 16:43:12.650  INFO 5256 --- [main] o.s.b.a.e.mvc.EndpointHandlerMapping     : Mapped "{[/health || /health.json],produces=[application/json]}" onto public java.lang.Object org.springframework.boot.actuate.endpoint.mvc.HealthMvcEndpoint.invoke(java.security.Principal)
2017-02-17 16:43:12.652  INFO 5256 --- [main] o.s.b.a.e.mvc.EndpointHandlerMapping     : Mapped "{[/info || /info.json],methods=[GET],produces=[application/json]}" onto public java.lang.Object org.springframework.boot.actuate.endpoint.mvc.EndpointMvcAdapter.invoke()
2017-02-17 16:43:12.653  INFO 5256 --- [main] o.s.b.a.e.mvc.EndpointHandlerMapping     : Mapped "{[/mappings || /mappings.json],methods=[GET],produces=[application/json]}" onto public java.lang.Object org.springframework.boot.actuate.endpoint.mvc.EndpointMvcAdapter.invoke()
2017-02-17 16:43:12.656  INFO 5256 --- [main] o.s.b.a.e.mvc.EndpointHandlerMapping     : Mapped "{[/metrics/{name:.*}],methods=[GET],produces=[application/json]}" onto public java.lang.Object org.springframework.boot.actuate.endpoint.mvc.MetricsMvcEndpoint.value(java.lang.String)
2017-02-17 16:43:12.657  INFO 5256 --- [main] o.s.b.a.e.mvc.EndpointHandlerMapping     : Mapped "{[/metrics || /metrics.json],methods=[GET],produces=[application/json]}" onto public java.lang.Object org.springframework.boot.actuate.endpoint.mvc.EndpointMvcAdapter.invoke()
2017-02-17 16:43:12.660  INFO 5256 --- [main] o.s.b.a.e.mvc.EndpointHandlerMapping     : Mapped "{[/dump || /dump.json],methods=[GET],produces=[application/json]}" onto public java.lang.Object org.springframework.boot.actuate.endpoint.mvc.EndpointMvcAdapter.invoke()
2017-02-17 16:43:12.663  INFO 5256 --- [main] o.s.b.a.e.mvc.EndpointHandlerMapping     : Mapped "{[/heapdump || /heapdump.json],methods=[GET],produces=[application/octet-stream]}" onto public void org.springframework.boot.actuate.endpoint.mvc.HeapdumpMvcEndpoint.invoke(boolean,javax.servlet.http.HttpServletRequest,javax.servlet.http.HttpServletResponse) throws java.io.IOException,javax.servlet.ServletException
2017-02-17 16:43:12.664  INFO 5256 --- [main] o.s.b.a.e.mvc.EndpointHandlerMapping     : Mapped "{[/beans || /beans.json],methods=[GET],produces=[application/json]}" onto public java.lang.Object org.springframework.boot.actuate.endpoint.mvc.EndpointMvcAdapter.invoke()
2017-02-17 16:43:12.666  INFO 5256 --- [main] o.s.b.a.e.mvc.EndpointHandlerMapping     : Mapped "{[/autoconfig || /autoconfig.json],methods=[GET],produces=[application/json]}" onto public java.lang.Object org.springframework.boot.actuate.endpoint.mvc.EndpointMvcAdapter.invoke()
2017-02-17 16:43:13.376  INFO 5256 --- [main] o.s.j.e.a.AnnotationMBeanExporter        : Registering beans for JMX exposure on startup
2017-02-17 16:43:13.391  INFO 5256 --- [main] o.s.c.support.DefaultLifecycleProcessor  : Starting beans in phase 0
2017-02-17 16:43:13.614  INFO 5256 --- [main] s.b.c.e.t.TomcatEmbeddedServletContainer : Tomcat started on port(s): 5000 (http)
2017-02-17 16:43:13.622  INFO 5256 --- [main] com.aws.App                              : Started App in 8.619 seconds (JVM running for 8.927)
2017-02-17 16:44:50.850  INFO 5256 --- [http-nio-5000-exec-1] o.a.c.c.C.[Tomcat].[localhost].[/]       : Initializing Spring FrameworkServlet 'dispatcherServlet'
2017-02-17 16:44:50.851  INFO 5256 --- [http-nio-5000-exec-1] o.s.web.servlet.DispatcherServlet        : FrameworkServlet 'dispatcherServlet': initialization started
2017-02-17 16:44:50.875  INFO 5256 --- [http-nio-5000-exec-1] o.s.web.servlet.DispatcherServlet        : FrameworkServlet 'dispatcherServlet': initialization completed in 24 ms
